0 verbose cli [
0 verbose cli   'C:\\Program Files\\nodejs\\node.exe',
0 verbose cli   'C:\\Users\\SAHAR\\AppData\\Roaming\\npm\\node_modules\\npm\\bin\\npm-cli.js',
0 verbose cli   'install',
0 verbose cli   '--cache',
0 verbose cli   'path/to/some/folder'
0 verbose cli ]
1 info using npm@8.2.0
2 info using node@v16.13.0
3 timing npm:load:whichnode Completed in 0ms
4 timing config:load:defaults Completed in 2ms
5 timing config:load:file:C:\Users\SAHAR\AppData\Roaming\npm\node_modules\npm\npmrc Completed in 3ms
6 timing config:load:builtin Completed in 4ms
7 timing config:load:cli Completed in 3ms
8 timing config:load:env Completed in 1ms
9 timing config:load:file:C:\Users\SAHAR\Desktop\united-pets-mobile\Pets-mobile\.npmrc Completed in 0ms
10 timing config:load:project Completed in 2ms
11 timing config:load:file:C:\Users\SAHAR\.npmrc Completed in 0ms
12 timing config:load:user Completed in 0ms
13 timing config:load:file:C:\Users\SAHAR\AppData\Roaming\npm\etc\npmrc Completed in 1ms
14 timing config:load:global Completed in 1ms
15 timing config:load:validate Completed in 0ms
16 timing config:load:credentials Completed in 1ms
17 timing config:load:setEnvs Completed in 1ms
18 timing config:load Completed in 16ms
19 timing npm:load:configload Completed in 16ms
20 timing npm:load:setTitle Completed in 1ms
21 timing config:load:flatten Completed in 5ms
22 timing npm:load:display Completed in 8ms
23 verbose logfile C:\Users\SAHAR\Desktop\united-pets-mobile\Pets-mobile\path\to\some\folder\_logs\2022-01-17T16_06_16_831Z-debug-0.log
24 timing npm:load:logFile Completed in 20ms
25 timing npm:load:timers Completed in 0ms
26 timing npm:load:configScope Completed in 0ms
27 timing npm:load Completed in 47ms
28 timing arborist:ctor Completed in 1ms
29 timing idealTree:init Completed in 951ms
30 timing idealTree:userRequests Completed in 0ms
31 silly idealTree buildDeps
32 timing idealTree:#root Completed in 1ms
33 timing idealTree:buildDeps Completed in 2ms
34 timing idealTree:fixDepFlags Completed in 1ms
35 timing idealTree Completed in 973ms
36 timing arborist:ctor Completed in 0ms
37 timing reify:loadTrees Completed in 1555ms
38 timing reify:diffTrees Completed in 44ms
39 silly reify moves {}
40 timing reify:retireShallow Completed in 1ms
41 timing reify:createSparse Completed in 7ms
42 timing reify:loadBundles Completed in 0ms
43 silly audit bulk request {
43 silly audit   '@babel/code-frame': [ '7.16.7', '7.10.4' ],
43 silly audit   '@babel/compat-data': [ '7.16.4' ],
43 silly audit   '@babel/core': [ '7.16.7' ],
43 silly audit   '@babel/generator': [ '7.16.7' ],
43 silly audit   '@babel/helper-annotate-as-pure': [ '7.16.7' ],
43 silly audit   '@babel/helper-builder-binary-assignment-operator-visitor': [ '7.16.7' ],
43 silly audit   '@babel/helper-compilation-targets': [ '7.16.7' ],
43 silly audit   '@babel/helper-create-class-features-plugin': [ '7.16.7' ],
43 silly audit   '@babel/helper-create-regexp-features-plugin': [ '7.16.7' ],
43 silly audit   '@babel/helper-define-polyfill-provider': [ '0.3.0' ],
43 silly audit   '@babel/helper-environment-visitor': [ '7.16.7' ],
43 silly audit   '@babel/helper-explode-assignable-expression': [ '7.16.7' ],
43 silly audit   '@babel/helper-function-name': [ '7.16.7' ],
43 silly audit   '@babel/helper-get-function-arity': [ '7.16.7' ],
43 silly audit   '@babel/helper-hoist-variables': [ '7.16.7' ],
43 silly audit   '@babel/helper-member-expression-to-functions': [ '7.16.7' ],
43 silly audit   '@babel/helper-module-imports': [ '7.16.7' ],
43 silly audit   '@babel/helper-module-transforms': [ '7.16.7' ],
43 silly audit   '@babel/helper-optimise-call-expression': [ '7.16.7' ],
43 silly audit   '@babel/helper-plugin-utils': [ '7.16.7' ],
43 silly audit   '@babel/helper-remap-async-to-generator': [ '7.16.7' ],
43 silly audit   '@babel/helper-replace-supers': [ '7.16.7' ],
43 silly audit   '@babel/helper-simple-access': [ '7.16.7' ],
43 silly audit   '@babel/helper-skip-transparent-expression-wrappers': [ '7.16.0' ],
43 silly audit   '@babel/helper-split-export-declaration': [ '7.16.7' ],
43 silly audit   '@babel/helper-validator-identifier': [ '7.16.7' ],
43 silly audit   '@babel/helper-validator-option': [ '7.16.7' ],
43 silly audit   '@babel/helper-wrap-function': [ '7.16.7' ],
43 silly audit   '@babel/helpers': [ '7.16.7' ],
43 silly audit   '@babel/highlight': [ '7.16.7' ],
43 silly audit   '@babel/parser': [ '7.16.7' ],
43 silly audit   '@babel/plugin-bugfix-safari-id-destructuring-collision-in-function-expression': [ '7.16.7' ],
43 silly audit   '@babel/plugin-bugfix-v8-spread-parameters-in-optional-chaining': [ '7.16.7' ],
43 silly audit   '@babel/plugin-proposal-async-generator-functions': [ '7.16.7' ],
43 silly audit   '@babel/plugin-proposal-class-properties': [ '7.16.7' ],
43 silly audit   '@babel/plugin-proposal-class-static-block': [ '7.16.7' ],
43 silly audit   '@babel/plugin-proposal-decorators': [ '7.16.7' ],
43 silly audit   '@babel/plugin-proposal-dynamic-import': [ '7.16.7' ],
43 silly audit   '@babel/plugin-proposal-export-default-from': [ '7.16.7' ],
43 silly audit   '@babel/plugin-proposal-export-namespace-from': [ '7.16.7' ],
43 silly audit   '@babel/plugin-proposal-json-strings': [ '7.16.7' ],
43 silly audit   '@babel/plugin-proposal-logical-assignment-operators': [ '7.16.7' ],
43 silly audit   '@babel/plugin-proposal-nullish-coalescing-operator': [ '7.16.7' ],
43 silly audit   '@babel/plugin-proposal-numeric-separator': [ '7.16.7' ],
43 silly audit   '@babel/plugin-proposal-object-rest-spread': [ '7.16.7' ],
43 silly audit   '@babel/plugin-proposal-optional-catch-binding': [ '7.16.7' ],
43 silly audit   '@babel/plugin-proposal-optional-chaining': [ '7.16.7' ],
43 silly audit   '@babel/plugin-proposal-private-methods': [ '7.16.7' ],
43 silly audit   '@babel/plugin-proposal-private-property-in-object': [ '7.16.7' ],
43 silly audit   '@babel/plugin-proposal-unicode-property-regex': [ '7.16.7' ],
43 silly audit   '@babel/plugin-syntax-async-generators': [ '7.8.4' ],
43 silly audit   '@babel/plugin-syntax-class-properties': [ '7.12.13' ],
43 silly audit   '@babel/plugin-syntax-class-static-block': [ '7.14.5' ],
43 silly audit   '@babel/plugin-syntax-decorators': [ '7.16.7' ],
43 silly audit   '@babel/plugin-syntax-dynamic-import': [ '7.8.3' ],
43 silly audit   '@babel/plugin-syntax-export-default-from': [ '7.16.7' ],
43 silly audit   '@babel/plugin-syntax-export-namespace-from': [ '7.8.3' ],
43 silly audit   '@babel/plugin-syntax-flow': [ '7.16.7' ],
43 silly audit   '@babel/plugin-syntax-json-strings': [ '7.8.3' ],
43 silly audit   '@babel/plugin-syntax-jsx': [ '7.16.7' ],
43 silly audit   '@babel/plugin-syntax-logical-assignment-operators': [ '7.10.4' ],
43 silly audit   '@babel/plugin-syntax-nullish-coalescing-operator': [ '7.8.3' ],
43 silly audit   '@babel/plugin-syntax-numeric-separator': [ '7.10.4' ],
43 silly audit   '@babel/plugin-syntax-object-rest-spread': [ '7.8.3' ],
43 silly audit   '@babel/plugin-syntax-optional-catch-binding': [ '7.8.3' ],
43 silly audit   '@babel/plugin-syntax-optional-chaining': [ '7.8.3' ],
43 silly audit   '@babel/plugin-syntax-private-property-in-object': [ '7.14.5' ],
43 silly audit   '@babel/plugin-syntax-top-level-await': [ '7.14.5' ],
43 silly audit   '@babel/plugin-syntax-typescript': [ '7.16.7' ],
43 silly audit   '@babel/plugin-transform-arrow-functions': [ '7.16.7' ],
43 silly audit   '@babel/plugin-transform-async-to-generator': [ '7.16.7' ],
43 silly audit   '@babel/plugin-transform-block-scoped-functions': [ '7.16.7' ],
43 silly audit   '@babel/plugin-transform-block-scoping': [ '7.16.7' ],
43 silly audit   '@babel/plugin-transform-classes': [ '7.16.7' ],
43 silly audit   '@babel/plugin-transform-computed-properties': [ '7.16.7' ],
43 silly audit   '@babel/plugin-transform-destructuring': [ '7.16.7' ],
43 silly audit   '@babel/plugin-transform-dotall-regex': [ '7.16.7' ],
43 silly audit   '@babel/plugin-transform-duplicate-keys': [ '7.16.7' ],
43 silly audit   '@babel/plugin-transform-exponentiation-operator': [ '7.16.7' ],
43 silly audit   '@babel/plugin-transform-flow-strip-types': [ '7.16.7' ],
43 silly audit   '@babel/plugin-transform-for-of': [ '7.16.7' ],
43 silly audit   '@babel/plugin-transform-function-name': [ '7.16.7' ],
43 silly audit   '@babel/plugin-transform-literals': [ '7.16.7' ],
43 silly audit   '@babel/plugin-transform-member-expression-literals': [ '7.16.7' ],
43 silly audit   '@babel/plugin-transform-modules-amd': [ '7.16.7' ],
43 silly audit   '@babel/plugin-transform-modules-commonjs': [ '7.16.7' ],
43 silly audit   '@babel/plugin-transform-modules-systemjs': [ '7.16.7' ],
43 silly audit   '@babel/plugin-transform-modules-umd': [ '7.16.7' ],
43 silly audit   '@babel/plugin-transform-named-capturing-groups-regex': [ '7.16.7' ],
43 silly audit   '@babel/plugin-transform-new-target': [ '7.16.7' ],
43 silly audit   '@babel/plugin-transform-object-assign': [ '7.16.7' ],
43 silly audit   '@babel/plugin-transform-object-super': [ '7.16.7' ],
43 silly audit   '@babel/plugin-transform-parameters': [ '7.16.7' ],
43 silly audit   '@babel/plugin-transform-property-literals': [ '7.16.7' ],
43 silly audit   '@babel/plugin-transform-react-display-name': [ '7.16.7' ],
43 silly audit   '@babel/plugin-transform-react-jsx': [ '7.16.7' ],
43 silly audit   '@babel/plugin-transform-react-jsx-self': [ '7.16.7' ],
43 silly audit   '@babel/plugin-transform-react-jsx-source': [ '7.16.7' ],
43 silly audit   '@babel/plugin-transform-regenerator': [ '7.16.7' ],
43 silly audit   '@babel/plugin-transform-reserved-words': [ '7.16.7' ],
43 silly audit   '@babel/plugin-transform-runtime': [ '7.16.7' ],
43 silly audit   '@babel/plugin-transform-shorthand-properties': [ '7.16.7' ],
43 silly audit   '@babel/plugin-transform-spread': [ '7.16.7' ],
43 silly audit   '@babel/plugin-transform-sticky-regex': [ '7.16.7' ],
43 silly audit   '@babel/plugin-transform-template-literals': [ '7.16.7' ],
43 silly audit   '@babel/plugin-transform-typeof-symbol': [ '7.16.7' ],
43 silly audit   '@babel/plugin-transform-typescript': [ '7.16.7' ],
43 silly audit   '@babel/plugin-transform-unicode-escapes': [ '7.16.7' ],
43 silly audit   '@babel/plugin-transform-unicode-regex': [ '7.16.7' ],
43 silly audit   '@babel/preset-env': [ '7.16.7' ],
43 silly audit   '@babel/preset-flow': [ '7.16.7' ],
43 silly audit   '@babel/preset-modules': [ '0.1.5' ],
43 silly audit   '@babel/preset-typescript': [ '7.16.7' ],
43 silly audit   '@babel/register': [ '7.16.7' ],
43 silly audit   '@babel/runtime': [ '7.16.7' ],
43 silly audit   '@babel/template': [ '7.16.7' ],
43 silly audit   '@babel/traverse': [ '7.16.7' ],
43 silly audit   '@babel/types': [ '7.16.7' ],
43 silly audit   '@callstack/react-theme-provider': [ '3.0.7' ],
43 silly audit   '@cnakazawa/watch': [ '1.0.4' ],
43 silly audit   '@expo/config': [ '6.0.6' ],
43 silly audit   '@expo/config-plugins': [ '4.0.6' ],
43 silly audit   'ansi-styles': [ '4.3.0', '3.2.1' ],
43 silly audit   chalk: [ '4.1.2', '3.0.0', '2.4.2' ],
43 silly audit   'color-convert': [ '2.0.1', '1.9.3' ],
43 silly audit   'color-name': [ '1.1.4', '1.1.3' ],
43 silly audit   'has-flag': [ '4.0.0', '3.0.0' ],
43 silly audit   semver: [ '7.3.5', '7.3.2', '7.0.0', '5.7.1', '6.3.0' ],
43 silly audit   'supports-color': [ '7.2.0', '5.5.0' ],
43 silly audit   '@expo/config-types': [ '43.0.1' ],
43 silly audit   '@expo/json-file': [ '8.2.33' ],
43 silly audit   json5: [ '1.0.1', '0.5.1', '2.2.0' ],
43 silly audit   '@expo/metro-config': [ '0.2.8' ],
43 silly audit   '@expo/plist': [ '0.0.15' ],
43 silly audit   '@expo/vector-icons': [ '12.0.5' ],
43 silly audit   '@hapi/hoek': [ '9.2.1' ],
43 silly audit   '@hapi/topo': [ '5.1.0' ],
43 silly audit   '@jest/create-cache-key-function': [ '26.6.2' ],
43 silly audit   '@jest/types': [ '26.6.2' ],
43 silly audit   '@nodelib/fs.scandir': [ '2.1.5' ],
43 silly audit   '@nodelib/fs.stat': [ '2.0.5' ],
43 silly audit   '@nodelib/fs.walk': [ '1.2.8' ],
43 silly audit   '@react-native-community/cli': [ '5.0.1' ],
43 silly audit   '@react-native-community/cli-debugger-ui': [ '5.0.1' ],
43 silly audit   '@react-native-community/cli-hermes': [ '5.0.1' ],
43 silly audit   '@react-native-community/cli-platform-android': [ '5.0.1' ],
43 silly audit   'fs-extra': [ '8.1.0', '9.1.0', '9.0.0', '1.0.0' ],
43 silly audit   jsonfile: [ '4.0.0', '6.1.0', '2.4.0' ],
43 silly audit   universalify: [ '0.1.2', '2.0.0', '1.0.0' ],
43 silly audit   '@react-native-community/cli-platform-ios': [ '5.0.2' ],
43 silly audit   xcode: [ '2.1.0', '3.0.1' ],
43 silly audit   '@react-native-community/cli-server-api': [ '5.0.1' ],
43 silly audit   ws: [ '1.1.5', '7.5.6', '6.2.2' ],
43 silly audit   '@react-native-community/cli-tools': [ '5.0.1' ],
43 silly audit   'node-fetch': [ '2.6.6', '2.6.1', '1.7.3' ],
43 silly audit   '@react-native-community/cli-types': [ '5.0.1' ],
43 silly audit   commander: [ '2.20.3', '7.2.0', '4.1.1', '2.13.0' ],
43 silly audit   'find-up': [ '4.1.0', '5.0.0', '3.0.0' ],
43 silly audit   'locate-path': [ '5.0.0', '6.0.0', '3.0.0' ],
43 silly audit   'p-limit': [ '2.3.0', '3.1.0' ],
43 silly audit   'p-locate': [ '4.1.0', '5.0.0', '3.0.0' ],
43 silly audit   'path-exists': [ '4.0.0', '3.0.0' ],
43 silly audit   '@react-native/assets': [ '1.0.0' ],
43 silly audit   '@react-native/normalize-color': [ '2.0.0', '1.0.0' ],
43 silly audit   '@react-native/polyfills': [ '1.0.0' ],
43 silly audit   '@react-navigation/core': [ '6.1.0' ],
43 silly audit   'escape-string-regexp': [ '4.0.0', '1.0.5' ],
43 silly audit   'react-is': [ '16.13.1', '17.0.2' ],
43 silly audit   '@react-navigation/native': [ '6.0.6' ],
43 silly audit   '@react-navigation/routers': [ '6.1.0' ],
43 silly audit   '@sideway/address': [ '4.1.3' ],
43 silly audit   '@sideway/formula': [ '3.0.0' ],
43 silly audit   '@sideway/pinpoint': [ '2.0.0' ],
43 silly audit   '@types/graceful-fs': [ '4.1.5' ],
43 silly audit   '@types/istanbul-lib-coverage': [ '2.0.4' ],
43 silly audit   '@types/istanbul-lib-report': [ '3.0.0' ],
43 silly audit   '@types/istanbul-reports': [ '3.0.1' ],
43 silly audit   '@types/node': [ '17.0.8' ],
43 silly audit   '@types/yargs': [ '15.0.14' ],
43 silly audit   '@types/yargs-parser': [ '20.2.1' ],
43 silly audit   '@xmldom/xmldom': [ '0.7.5' ],
43 silly audit   'abort-controller': [ '3.0.0' ],
43 silly audit   'absolute-path': [ '0.0.0' ],
43 silly audit   accepts: [ '1.3.7' ],
43 silly audit   anser: [ '1.4.10' ],
43 silly audit   'ansi-fragments': [ '0.2.1' ],
43 silly audit   'ansi-regex': [ '5.0.1', '4.1.0' ],
43 silly audit   'any-promise': [ '1.3.0' ],
43 silly audit   anymatch: [ '3.1.2', '2.0.0' ],
43 silly audit   appdirsjs: [ '1.2.6' ],
43 silly audit   argparse: [ '1.0.10' ],
43 silly audit   'arr-diff': [ '4.0.0' ],
43 silly audit   'arr-flatten': [ '1.1.0' ],
43 silly audit   'arr-union': [ '3.1.0' ],
43 silly audit   'array-filter': [ '0.0.1' ],
43 silly audit   'array-find-index': [ '1.0.2' ],
43 silly audit   'array-map': [ '0.0.0' ],
43 silly audit   'array-reduce': [ '0.0.0' ],
43 silly audit   'array-unique': [ '0.3.2' ],
43 silly audit   asap: [ '2.0.6' ],
43 silly audit   'assign-symbols': [ '1.0.0' ],
43 silly audit   'ast-types': [ '0.14.2' ],
43 silly audit   'astral-regex': [ '1.0.0' ],
43 silly audit   async: [ '2.6.3' ],
43 silly audit   'async-limiter': [ '1.0.1' ],
43 silly audit   'at-least-node': [ '1.0.0' ],
43 silly audit   atob: [ '2.1.2' ],
43 silly audit   axios: [ '0.24.0' ],
43 silly audit   'babel-core': [ '7.0.0-bridge.0' ],
43 silly audit   'babel-plugin-dynamic-import-node': [ '2.3.3' ],
43 silly audit   'babel-plugin-module-resolver': [ '4.1.0' ],
43 silly audit   'babel-plugin-polyfill-corejs2': [ '0.3.0' ],
43 silly audit   'babel-plugin-polyfill-corejs3': [ '0.4.0' ],
43 silly audit   'babel-plugin-polyfill-regenerator': [ '0.3.0' ],
43 silly audit   'babel-plugin-react-native-web': [ '0.17.5' ],
43 silly audit   'babel-plugin-syntax-trailing-function-commas': [ '7.0.0-beta.0' ],
43 silly audit   'babel-preset-expo': [ '9.0.2' ],
43 silly audit   'babel-preset-fbjs': [ '3.4.0' ],
43 silly audit   'balanced-match': [ '1.0.2' ],
43 silly audit   base: [ '0.11.2' ],
43 silly audit   'define-property': [ '1.0.0', '0.2.5', '2.0.2' ],
43 silly audit   'base64-js': [ '1.5.1' ],
43 silly audit   'big-integer': [ '1.6.51' ],
43 silly audit   'blueimp-md5': [ '2.19.0' ],
43 silly audit   'bplist-creator': [ '0.1.0' ],
43 silly audit   'bplist-parser': [ '0.3.0' ],
43 silly audit   'brace-expansion': [ '1.1.11' ],
43 silly audit   braces: [ '3.0.2', '2.3.2' ],
43 silly audit   browserslist: [ '4.19.1' ],
43 silly audit   bser: [ '2.1.1' ],
43 silly audit   'buffer-alloc': [ '1.2.0' ],
43 silly audit   'buffer-alloc-unsafe': [ '1.1.0' ],
43 silly audit   'buffer-fill': [ '1.0.0' ],
43 silly audit   'buffer-from': [ '1.1.2' ],
43 silly audit   bytes: [ '3.0.0' ],
43 silly audit   'cache-base': [ '1.0.1' ],
43 silly audit   'call-bind': [ '1.0.2' ],
43 silly audit   'caller-callsite': [ '2.0.0' ],
43 silly audit   'caller-path': [ '2.0.0' ],
43 silly audit   callsites: [ '2.0.0' ],
43 silly audit   camelcase: [ '6.3.0', '5.3.1' ],
43 silly audit   'caniuse-lite': [ '1.0.30001296' ],
43 silly audit   'capture-exit': [ '2.0.0' ],
43 silly audit   'ci-info': [ '2.0.0' ],
43 silly audit   'class-utils': [ '0.3.6' ],
43 silly audit   'is-accessor-descriptor': [ '0.1.6', '1.0.0' ],
43 silly audit   'kind-of': [ '3.2.2', '5.1.0', '4.0.0', '6.0.3' ],
43 silly audit   'is-data-descriptor': [ '0.1.4', '1.0.0' ],
43 silly audit   'is-descriptor': [ '0.1.6', '1.0.2' ],
43 silly audit   'cli-cursor': [ '2.1.0' ],
43 silly audit   'cli-spinners': [ '2.6.1' ],
43 silly audit   cliui: [ '6.0.0', '7.0.4' ],
43 silly audit   'strip-ansi': [ '6.0.1', '5.2.0' ],
43 silly audit   clone: [ '1.0.4' ],
43 silly audit   'clone-deep': [ '4.0.1' ],
43 silly audit   'collection-visit': [ '1.0.0' ],
43 silly audit   color: [ '3.2.1' ],
43 silly audit   'color-string': [ '1.9.0' ],
43 silly audit   colorette: [ '1.4.0' ],
43 silly audit   colors: [ '1.4.0' ],
43 silly audit   'command-exists': [ '1.2.9' ],
43 silly audit   commondir: [ '1.0.1' ],
43 silly audit   'compare-versions': [ '3.6.0' ],
43 silly audit   'component-emitter': [ '1.3.0' ],
43 silly audit   compressible: [ '2.0.18' ],
43 silly audit   compression: [ '1.7.4' ],
43 silly audit   debug: [ '2.6.9', '4.3.3' ],
43 silly audit   ms: [ '2.0.0', '2.1.2', '2.1.3' ],
43 silly audit   'concat-map': [ '0.0.1' ],
43 silly audit   connect: [ '3.7.0' ],
43 silly audit   'convert-source-map': [ '1.8.0' ],
43 silly audit   'copy-descriptor': [ '0.1.1' ],
43 silly audit   'core-js': [ '1.2.7' ],
43 silly audit   'core-js-compat': [ '3.20.2' ],
43 silly audit   'core-util-is': [ '1.0.3' ],
43 silly audit   cosmiconfig: [ '5.2.1' ],
43 silly audit   'create-react-class': [ '15.7.0' ],
43 silly audit   'cross-fetch': [ '3.1.4' ],
43 silly audit   'cross-spawn': [ '6.0.5' ],
43 silly audit   'css-in-js-utils': [ '2.0.1' ],
43 silly audit   dayjs: [ '1.10.7' ],
43 silly audit   decamelize: [ '1.2.0' ],
43 silly audit   'decode-uri-component': [ '0.2.0' ],
43 silly audit   deepmerge: [ '3.3.0' ],
43 silly audit   defaults: [ '1.0.3' ],
43 silly audit   'define-properties': [ '1.1.3' ],
43 silly audit   denodeify: [ '1.2.1' ],
43 silly audit   depd: [ '1.1.2' ],
43 silly audit   dequal: [ '1.0.1' ],
43 silly audit   destroy: [ '1.0.4' ],
43 silly audit   'ee-first': [ '1.1.1' ],
43 silly audit   'electron-to-chromium': [ '1.4.34' ],
43 silly audit   'emoji-regex': [ '8.0.0' ],
43 silly audit   encodeurl: [ '1.0.2' ],
43 silly audit   encoding: [ '0.1.13' ],
43 silly audit   'end-of-stream': [ '1.4.4' ],
43 silly audit   envinfo: [ '7.8.1' ],
43 silly audit   'error-ex': [ '1.3.2' ],
43 silly audit   'error-stack-parser': [ '2.0.6' ],
43 silly audit   errorhandler: [ '1.5.1' ],
43 silly audit   escalade: [ '3.1.1' ],
43 silly audit   'escape-html': [ '1.0.3' ],
43 silly audit   esprima: [ '4.0.1' ],
43 silly audit   esutils: [ '2.0.3' ],
43 silly audit   etag: [ '1.8.1' ],
43 silly audit   'event-target-shim': [ '5.0.1' ],
43 silly audit   'exec-sh': [ '0.3.6' ],
43 silly audit   execa: [ '1.0.0' ],
43 silly audit   'expand-brackets': [ '2.1.4' ],
43 silly audit   'extend-shallow': [ '2.0.1', '3.0.2' ],
43 silly audit   'is-extendable': [ '0.1.1', '1.0.1' ],
43 silly audit   expo: [ '44.0.5' ],
43 silly audit   'expo-application': [ '4.0.1' ],
43 silly audit   'expo-asset': [ '8.4.6' ],
43 silly audit   'expo-camera': [ '12.1.0' ],
43 silly audit   '@koale/useworker': [ '4.0.2' ],
43 silly audit   react: [ '16.14.0', '17.0.1' ],
43 silly audit   'expo-constants': [ '13.0.0' ],
43 silly audit   'expo-error-recovery': [ '3.0.4' ],
43 silly audit   'expo-file-system': [ '13.1.0' ],
43 silly audit   'expo-font': [ '10.0.4' ],
43 silly audit   'expo-keep-awake': [ '10.0.1' ],
43 silly audit   'expo-modules-autolinking': [ '0.5.5' ],
43 silly audit   'expo-modules-core': [ '0.6.4' ],
43 silly audit   'expo-permissions': [ '13.1.0' ],
43 silly audit   'expo-status-bar': [ '1.2.0' ],
43 silly audit   extglob: [ '2.0.4' ],
43 silly audit   'fast-glob': [ '3.2.10' ],
43 silly audit   fastq: [ '1.13.0' ],
43 silly audit   'fb-watchman': [ '2.0.1' ],
43 silly audit   fbemitter: [ '2.1.1' ],
43 silly audit   fbjs: [ '0.8.18', '3.0.2' ],
43 silly audit   'fbjs-css-vars': [ '1.0.2' ],
43 silly audit   'fill-range': [ '7.0.1', '4.0.0' ],
43 silly audit   'filter-obj': [ '1.1.0' ],
43 silly audit   finalhandler: [ '1.1.2' ],
43 silly audit   'find-babel-config': [ '1.2.0' ],
43 silly audit   'find-cache-dir': [ '2.1.0' ],
43 silly audit   'flow-parser': [ '0.121.0' ],
43 silly audit   'follow-redirects': [ '1.14.7' ],
43 silly audit   fontfaceobserver: [ '2.1.0' ],
43 silly audit   'for-in': [ '1.0.2' ],
43 silly audit   'fragment-cache': [ '0.2.1' ],
43 silly audit   fresh: [ '0.5.2' ],
43 silly audit   'fs.realpath': [ '1.0.0' ],
43 silly audit   fsevents: [ '2.3.2' ],
43 silly audit   'function-bind': [ '1.1.1' ],
43 silly audit   gensync: [ '1.0.0-beta.2' ],
43 silly audit   'get-caller-file': [ '2.0.5' ],
43 silly audit   'get-intrinsic': [ '1.1.1' ],
43 silly audit   'get-stream': [ '4.1.0' ],
43 silly audit   'get-value': [ '2.0.6' ],
43 silly audit   getenv: [ '1.0.0' ],
43 silly audit   glob: [ '7.1.6' ],
43 silly audit   'glob-parent': [ '5.1.2' ],
43 silly audit   globals: [ '11.12.0' ],
43 silly audit   'graceful-fs': [ '4.2.8' ],
43 silly audit   has: [ '1.0.3' ],
43 silly audit   'has-symbols': [ '1.0.2' ],
43 silly audit   'has-value': [ '1.0.0', '0.3.1' ],
43 silly audit   'has-values': [ '1.0.0', '0.1.4' ],
43 silly audit   'is-number': [ '3.0.0', '7.0.0' ],
43 silly audit   'hermes-engine': [ '0.7.2' ],
43 silly audit   'hermes-profile-transformer': [ '0.0.6' ],
43 silly audit   'source-map': [ '0.7.3', '0.6.1', '0.5.7' ],
43 silly audit   'hoist-non-react-statics': [ '3.3.2' ],
43 silly audit   'http-errors': [ '1.8.1' ],
43 silly audit   'hyphenate-style-name': [ '1.0.4' ],
43 silly audit   'iconv-lite': [ '0.6.3' ],
43 silly audit   'image-size': [ '0.6.3' ],
43 silly audit   'import-fresh': [ '2.0.0' ],
43 silly audit   'resolve-from': [ '3.0.0', '5.0.0' ],
43 silly audit   imurmurhash: [ '0.1.4' ],
43 silly audit   inflight: [ '1.0.6' ],
43 silly audit   inherits: [ '2.0.4' ],
43 silly audit   'inline-style-prefixer': [ '6.0.1' ],
43 silly audit   interpret: [ '1.4.0' ],
43 silly audit   invariant: [ '2.2.4' ],
43 silly audit   ip: [ '1.1.5' ],
43 silly audit   'is-arrayish': [ '0.2.1', '0.3.2' ],
43 silly audit   'is-buffer': [ '1.1.6' ],
43 silly audit   'is-ci': [ '2.0.0' ],
43 silly audit   'is-core-module': [ '2.8.0' ],
43 silly audit   'is-directory': [ '0.3.1' ],
43 silly audit   'is-extglob': [ '2.1.1' ],
43 silly audit   'is-fullwidth-code-point': [ '2.0.0', '3.0.0' ],
43 silly audit   'is-glob': [ '4.0.3' ],
43 silly audit   'is-plain-object': [ '2.0.4' ],
43 silly audit   'is-stream': [ '1.1.0' ],
43 silly audit   'is-windows': [ '1.0.2' ],
43 silly audit   'is-wsl': [ '1.1.0' ],
43 silly audit   isarray: [ '1.0.0' ],
43 silly audit   isexe: [ '2.0.0' ],
43 silly audit   isobject: [ '3.0.1', '2.1.0' ],
43 silly audit   'isomorphic-fetch': [ '2.2.1' ],
43 silly audit   'jest-get-type': [ '26.3.0' ],
43 silly audit   'jest-haste-map': [ '26.6.2' ],
43 silly audit   'jest-regex-util': [ '26.0.0' ],
43 silly audit   'jest-serializer': [ '26.6.2' ],
43 silly audit   'jest-util': [ '26.6.2' ],
43 silly audit   'jest-validate': [ '26.6.2' ],
43 silly audit   'jest-worker': [ '26.6.2' ],
43 silly audit   jetifier: [ '1.6.8' ],
43 silly audit   joi: [ '17.5.0' ],
43 silly audit   'js-tokens': [ '4.0.0' ],
43 silly audit   'js-yaml': [ '3.14.1' ],
43 silly audit   'jsc-android': [ '245459.0.0' ],
43 silly audit   jscodeshift: [ '0.11.0' ],
43 silly audit   micromatch: [ '3.1.10', '4.0.4' ],
43 silly audit   'to-regex-range': [ '2.1.1', '5.0.1' ],
43 silly audit   jsesc: [ '2.5.2', '0.5.0' ],
43 silly audit   'json-parse-better-errors': [ '1.0.2' ],
43 silly audit   jsonify: [ '0.0.0' ],
43 silly audit   klaw: [ '1.3.1' ],
43 silly audit   kleur: [ '3.0.3' ],
43 silly audit   leven: [ '3.1.0' ],
43 silly audit   'lines-and-columns': [ '1.2.4' ],
43 silly audit   lodash: [ '4.17.21' ],
43 silly audit   'lodash._reinterpolate': [ '3.0.0' ],
43 silly audit   'lodash.debounce': [ '4.0.8' ],
43 silly audit   'lodash.frompairs': [ '4.0.1' ],
43 silly audit   'lodash.isequal': [ '4.5.0' ],
43 silly audit   'lodash.isstring': [ '4.0.1' ],
43 silly audit   'lodash.omit': [ '4.5.0' ],
43 silly audit   'lodash.pick': [ '4.4.0' ],
43 silly audit   'lodash.template': [ '4.5.0' ],
43 silly audit   'lodash.templatesettings': [ '4.2.0' ],
43 silly audit   'lodash.throttle': [ '4.1.1' ],
43 silly audit   'log-symbols': [ '2.2.0' ],
43 silly audit   logkitty: [ '0.7.1' ],
43 silly audit   'loose-envify': [ '1.4.0' ],
43 silly audit   'lru-cache': [ '6.0.0' ],
43 silly audit   'make-dir': [ '2.1.0' ],
43 silly audit   makeerror: [ '1.0.12' ],
43 silly audit   'map-cache': [ '0.2.2' ],
43 silly audit   'map-visit': [ '1.0.0' ],
43 silly audit   'md5-file': [ '3.2.3' ],
43 silly audit   'merge-stream': [ '2.0.0' ],
43 silly audit   merge2: [ '1.4.1' ],
43 silly audit   metro: [ '0.64.0' ],
43 silly audit   'metro-babel-register': [ '0.64.0' ],
43 silly audit   'metro-babel-transformer': [ '0.64.0' ],
43 silly audit   'metro-cache': [ '0.64.0' ],
43 silly audit   'metro-cache-key': [ '0.64.0' ],
43 silly audit   'metro-config': [ '0.64.0' ],
43 silly audit   'metro-core': [ '0.64.0' ],
43 silly audit   'metro-hermes-compiler': [ '0.64.0' ],
43 silly audit   'metro-inspector-proxy': [ '0.64.0' ],
43 silly audit   'metro-minify-uglify': [ '0.64.0' ],
43 silly audit   'metro-react-native-babel-preset': [ '0.64.0' ],
43 silly audit   'metro-react-native-babel-transformer': [ '0.64.0' ],
43 silly audit   'metro-resolver': [ '0.64.0' ],
43 silly audit   'metro-runtime': [ '0.64.0' ],
43 silly audit   'metro-source-map': [ '0.64.0' ],
43 silly audit   'metro-symbolicate': [ '0.64.0' ],
43 silly audit   'metro-transform-plugins': [ '0.64.0' ],
43 silly audit   'metro-transform-worker': [ '0.64.0' ],
43 silly audit   mime: [ '2.6.0', '1.6.0' ],
43 silly audit   'mime-db': [ '1.51.0' ],
43 silly audit   'mime-types': [ '2.1.34' ],
43 silly audit   'mimic-fn': [ '1.2.0' ],
43 silly audit   minimatch: [ '3.0.4' ],
43 silly audit   minimist: [ '1.2.5' ],
43 silly audit   'mixin-deep': [ '1.3.2' ],
43 silly audit   mkdirp: [ '0.5.5' ],
43 silly audit   mz: [ '2.7.0' ],
43 silly audit   nanoid: [ '3.1.32' ],
43 silly audit   nanomatch: [ '1.2.13' ],
43 silly audit   negotiator: [ '0.6.2' ],
43 silly audit   'neo-async': [ '2.6.2' ],
43 silly audit   'nice-try': [ '1.0.5' ],
43 silly audit   nocache: [ '2.1.0' ],
43 silly audit   'node-dir': [ '0.1.17' ],
43 silly audit   'node-int64': [ '0.4.0' ],
43 silly audit   'node-releases': [ '2.0.1' ],
43 silly audit   'node-stream-zip': [ '1.15.0' ],
43 silly audit   'normalize-css-color': [ '1.0.2' ],
43 silly audit   'normalize-path': [ '3.0.0', '2.1.1' ],
43 silly audit   'npm-run-path': [ '2.0.2' ],
43 silly audit   nullthrows: [ '1.1.1' ],
43 silly audit   ob1: [ '0.64.0' ],
43 silly audit   'object-assign': [ '4.1.1' ],
43 silly audit   'object-copy': [ '0.1.0' ],
43 silly audit   'object-keys': [ '1.1.1' ],
43 silly audit   'object-visit': [ '1.0.1' ],
43 silly audit   'object.assign': [ '4.1.2' ],
43 silly audit   'object.pick': [ '1.3.0' ],
43 silly audit   'on-finished': [ '2.3.0' ],
43 silly audit   'on-headers': [ '1.0.2' ],
43 silly audit   once: [ '1.4.0' ],
43 silly audit   onetime: [ '2.0.1' ],
43 silly audit   open: [ '6.4.0' ],
43 silly audit   options: [ '0.0.6' ],
43 silly audit   ora: [ '3.4.0' ],
43 silly audit   'os-tmpdir': [ '1.0.2' ],
43 silly audit   'p-finally': [ '1.0.0' ],
43 silly audit   'p-try': [ '2.2.0' ],
43 silly audit   'parse-json': [ '4.0.0' ],
43 silly audit   parseurl: [ '1.3.3' ],
43 silly audit   pascalcase: [ '0.1.1' ],
43 silly audit   'path-browserify': [ '1.0.1' ],
43 silly audit   'path-is-absolute': [ '1.0.1' ],
43 silly audit   'path-key': [ '2.0.1' ],
43 silly audit   'path-parse': [ '1.0.7' ],
43 silly audit   picocolors: [ '1.0.0' ],
43 silly audit   picomatch: [ '2.3.1' ],
43 silly audit   pify: [ '4.0.1' ],
43 silly audit   pirates: [ '4.0.4' ],
43 silly audit   'pkg-dir': [ '3.0.0' ],
43 silly audit   'pkg-up': [ '3.1.0' ],
43 silly audit   plist: [ '3.0.4' ],
43 silly audit   xmlbuilder: [ '9.0.7', '11.0.1', '14.0.0' ],
43 silly audit   'posix-character-classes': [ '0.1.1' ],
43 silly audit   'pretty-format': [ '26.6.2' ],
43 silly audit   'process-nextick-args': [ '2.0.1' ],
43 silly audit   promise: [ '7.3.1', '8.1.0' ],
43 silly audit   prompts: [ '2.4.2' ],
43 silly audit   'prop-types': [ '15.8.0' ],
43 silly audit   pump: [ '3.0.0' ],
43 silly audit   'query-string': [ '7.1.0' ],
43 silly audit   querystringify: [ '2.2.0' ],
43 silly audit   'queue-microtask': [ '1.2.3' ],
43 silly audit   'range-parser': [ '1.2.1' ],
43 silly audit   'react-devtools-core': [ '4.22.1' ],
43 silly audit   'react-dom': [ '17.0.1' ],
43 silly audit   'react-native': [ '0.64.3' ],
43 silly audit   'react-native-codegen': [ '0.0.6' ],
43 silly audit   'react-native-iphone-x-helper': [ '1.3.1' ],
43 silly audit   'react-native-paper': [ '4.11.1' ],
43 silly audit   'react-native-vector-icons': [ '9.0.0' ],
43 silly audit   'wrap-ansi': [ '7.0.0', '6.2.0' ],
43 silly audit   y18n: [ '5.0.8', '4.0.3' ],
43 silly audit   yargs: [ '16.2.0', '15.4.1' ],
43 silly audit   'yargs-parser': [ '20.2.9', '18.1.3' ],
43 silly audit   'react-native-web': [ '0.17.1' ],
43 silly audit   'react-refresh': [ '0.4.3' ],
43 silly audit   'readable-stream': [ '2.3.7' ],
43 silly audit   recast: [ '0.20.5' ],
43 silly audit   rechoir: [ '0.6.2' ],
43 silly audit   regenerate: [ '1.4.2' ],
43 silly audit   'regenerate-unicode-properties': [ '9.0.0' ],
43 silly audit   'regenerator-runtime': [ '0.13.9' ],
43 silly audit   'regenerator-transform': [ '0.14.5' ],
43 silly audit   'regex-not': [ '1.0.2' ],
43 silly audit   'regexpu-core': [ '4.8.0' ],
43 silly audit   regjsgen: [ '0.5.2' ],
43 silly audit   regjsparser: [ '0.7.0' ],
43 silly audit   'remove-trailing-separator': [ '1.1.0' ],
43 silly audit   'repeat-element': [ '1.1.4' ],
43 silly audit   'repeat-string': [ '1.6.1' ],
43 silly audit   'require-directory': [ '2.1.1' ],
43 silly audit   'require-from-string': [ '2.0.2' ],
43 silly audit   'require-main-filename': [ '2.0.0' ],
43 silly audit   'requires-port': [ '1.0.0' ],
43 silly audit   reselect: [ '4.1.5' ],
43 silly audit   resolve: [ '1.21.0' ],
43 silly audit   'resolve-url': [ '0.2.1' ],
43 silly audit   'restore-cursor': [ '2.0.0' ],
43 silly audit   ret: [ '0.1.15' ],
43 silly audit   reusify: [ '1.0.4' ],
43 silly audit   rimraf: [ '2.7.1', '2.2.8' ],
43 silly audit   rsvp: [ '4.8.5' ],
43 silly audit   'run-parallel': [ '1.2.0' ],
43 silly audit   'safe-buffer': [ '5.1.2' ],
43 silly audit   'safe-regex': [ '1.1.0' ],
43 silly audit   'safer-buffer': [ '2.1.2' ],
43 silly audit   sane: [ '4.1.0' ],
43 silly audit   sax: [ '1.2.4' ],
43 silly audit   scheduler: [ '0.20.2' ],
43 silly audit   send: [ '0.17.2' ],
43 silly audit   'serialize-error': [ '2.1.0' ],
43 silly audit   'serve-static': [ '1.14.2' ],
43 silly audit   'set-blocking': [ '2.0.0' ],
43 silly audit   'set-value': [ '2.0.1' ],
43 silly audit   setimmediate: [ '1.0.5' ],
43 silly audit   setprototypeof: [ '1.2.0' ],
43 silly audit   'shallow-clone': [ '3.0.1' ],
43 silly audit   'shebang-command': [ '1.2.0' ],
43 silly audit   'shebang-regex': [ '1.0.0' ],
43 silly audit   'shell-quote': [ '1.6.1' ],
43 silly audit   shelljs: [ '0.8.4' ],
43 silly audit   'signal-exit': [ '3.0.6' ],
43 silly audit   'simple-plist': [ '1.3.0' ],
43 silly audit   'simple-swizzle': [ '0.2.2' ],
43 silly audit   sisteransi: [ '1.0.5' ],
43 silly audit   slash: [ '3.0.0' ],
43 silly audit   'slice-ansi': [ '2.1.0' ],
43 silly audit   slugify: [ '1.6.5' ],
43 silly audit   snapdragon: [ '0.8.2' ],
43 silly audit   'snapdragon-node': [ '2.1.1' ],
43 silly audit   'snapdragon-util': [ '3.0.1' ],
43 silly audit   'source-map-resolve': [ '0.5.3' ],
43 silly audit   'source-map-support': [ '0.5.21' ],
43 silly audit   'source-map-url': [ '0.4.1' ],
43 silly audit   'split-on-first': [ '1.1.0' ],
43 silly audit   'split-string': [ '3.1.0' ],
43 silly audit   'sprintf-js': [ '1.0.3' ],
43 silly audit   stackframe: [ '1.2.0' ],
43 silly audit   'stacktrace-parser': [ '0.1.10' ],
43 silly audit   'static-extend': [ '0.1.2' ],
43 silly audit   statuses: [ '1.5.0' ],
43 silly audit   'stream-buffers': [ '2.2.0' ],
43 silly audit   'strict-uri-encode': [ '2.0.0' ],
43 silly audit   string_decoder: [ '1.1.1' ],
43 silly audit   'string-width': [ '4.2.3' ],
43 silly audit   'strip-eof': [ '1.0.0' ],
43 silly audit   sucrase: [ '3.20.3' ],
43 silly audit   'sudo-prompt': [ '9.2.1' ],
43 silly audit   'supports-preserve-symlinks-flag': [ '1.0.0' ],
43 silly audit   temp: [ '0.8.3' ],
43 silly audit   thenify: [ '3.3.1' ],
43 silly audit   'thenify-all': [ '1.6.0' ],
43 silly audit   throat: [ '5.0.0' ],
43 silly audit   through2: [ '2.0.5' ],
43 silly audit   tmpl: [ '1.0.5' ],
43 silly audit   'to-fast-properties': [ '2.0.0' ],
43 silly audit   'to-object-path': [ '0.3.0' ],
43 silly audit   'to-regex': [ '3.0.2' ],
43 silly audit   toidentifier: [ '1.0.1' ],
43 silly audit   tr46: [ '0.0.3' ],
43 silly audit   'ts-interface-checker': [ '0.1.13' ],
43 silly audit   tslib: [ '2.3.1' ],
43 silly audit   'type-fest': [ '0.7.1' ],
43 silly audit   'ua-parser-js': [ '0.7.31' ],
43 silly audit   'uglify-es': [ '3.3.9' ],
43 silly audit   ultron: [ '1.0.2' ],
43 silly audit   'unicode-canonical-property-names-ecmascript': [ '2.0.0' ],
43 silly audit   'unicode-match-property-ecmascript': [ '2.0.0' ],
43 silly audit   'unicode-match-property-value-ecmascript': [ '2.0.0' ],
43 silly audit   'unicode-property-aliases-ecmascript': [ '2.0.0' ],
43 silly audit   'union-value': [ '1.0.1' ],
43 silly audit   unpipe: [ '1.0.0' ],
43 silly audit   'unset-value': [ '1.0.0' ],
43 silly audit   urix: [ '0.1.0' ],
43 silly audit   'url-parse': [ '1.5.4' ],
43 silly audit   use: [ '3.1.1' ],
43 silly audit   'use-subscription': [ '1.5.1' ],
43 silly audit   'util-deprecate': [ '1.0.2' ],
43 silly audit   'utils-merge': [ '1.0.1' ],
43 silly audit   uuid: [ '3.4.0', '7.0.3' ],
43 silly audit   vary: [ '1.1.2' ],
43 silly audit   vlq: [ '1.0.1' ],
43 silly audit   walker: [ '1.0.8' ],
43 silly audit   wcwidth: [ '1.0.1' ],
43 silly audit   'webidl-conversions': [ '3.0.1' ],
43 silly audit   'whatwg-fetch': [ '3.6.2' ],
43 silly audit   'whatwg-url': [ '5.0.0' ],
43 silly audit   which: [ '1.3.1' ],
43 silly audit   'which-module': [ '2.0.0' ],
43 silly audit   wrappy: [ '1.0.2' ],
43 silly audit   'write-file-atomic': [ '2.4.3' ],
43 silly audit   xml2js: [ '0.4.23' ],
43 silly audit   xmldoc: [ '1.1.2' ],
43 silly audit   xtend: [ '4.0.2' ],
43 silly audit   yallist: [ '4.0.0' ],
43 silly audit   'yocto-queue': [ '0.1.0' ]
43 silly audit }
44 verbose reify failed optional dependency C:\Users\SAHAR\Desktop\united-pets-mobile\Pets-mobile\node_modules\fsevents
45 silly reify mark deleted [
45 silly reify   'C:\\Users\\SAHAR\\Desktop\\united-pets-mobile\\Pets-mobile\\node_modules\\fsevents'
45 silly reify ]
46 timing reifyNode:node_modules/fsevents Completed in 6ms
47 timing reify:unpack Completed in 6ms
48 timing reify:unretire Completed in 1ms
49 timing build:queue Completed in 35ms
50 timing build:deps Completed in 36ms
51 timing build Completed in 37ms
52 timing reify:build Completed in 37ms
53 timing reify:trash Completed in 3ms
54 timing reify:save Completed in 270ms
55 http fetch POST 200 https://registry.npmjs.org/-/npm/v1/security/advisories/bulk 2326ms
56 timing auditReport:getReport Completed in 2346ms
57 silly audit report {
57 silly audit report   'ansi-regex': [
57 silly audit report     {
57 silly audit report       id: 1004946,
57 silly audit report       url: 'https://github.com/advisories/GHSA-93q8-gq69-wqmw',
57 silly audit report       title: ' Inefficient Regular Expression Complexity in chalk/ansi-regex',
57 silly audit report       severity: 'moderate',
57 silly audit report       vulnerable_versions: '>2.1.1 <5.0.1'
57 silly audit report     }
57 silly audit report   ],
57 silly audit report   'node-fetch': [
57 silly audit report     {
57 silly audit report       id: 1005560,
57 silly audit report       url: 'https://github.com/advisories/GHSA-w7rc-rwvf-8q5r',
57 silly audit report       title: "The `size` option isn't honored after following a redirect in node-fetch",
57 silly audit report       severity: 'low',
57 silly audit report       vulnerable_versions: '<2.6.1'
57 silly audit report     }
57 silly audit report   ],
57 silly audit report   shelljs: [
57 silly audit report     {
57 silly audit report       id: 1006882,
57 silly audit report       url: 'https://github.com/advisories/GHSA-64g7-mvw6-v9qj',
57 silly audit report       title: 'Improper Privilege Management in shelljs',
57 silly audit report       severity: 'moderate',
57 silly audit report       vulnerable_versions: '<0.8.5'
57 silly audit report     }
57 silly audit report   ]
57 silly audit report }
58 timing metavuln:cache:get:security-advisory:ansi-regex:gipfqiXURkkimm8+IyoEer5YC1ntqyorXe7xXSHfbxT4Q2N0cl4sjpCXLBfNQSZpCf2C6BCCpq61JXzBTOWL+g== Completed in 11ms
59 timing metavuln:cache:get:security-advisory:node-fetch:ZpVfPQheAeBPVYM7Wttj7m+XbAR5XV1D3b8n2TKfZYiDIRur5q9lcy8hCQKdAdj7qYFZz79wWzYmCFfyuXx3hg== Completed in 9ms
60 timing metavuln:cache:get:security-advisory:shelljs:UkFVdMSEBNYcY3mCyfLaJIA0ROk41dC1Tz0VbwG8yVf+xq7gDZJxCY1fqjb/QSk6U9HR1i0RMdnExXd3YU5QBQ== Completed in 8ms
61 http fetch GET 200 https://registry.npmjs.org/ansi-regex 146ms (cache miss)
62 timing metavuln:packument:ansi-regex Completed in 149ms
63 timing metavuln:load:security-advisory:ansi-regex:1004946 Completed in 6ms
64 timing metavuln:cache:put:security-advisory:ansi-regex:gipfqiXURkkimm8+IyoEer5YC1ntqyorXe7xXSHfbxT4Q2N0cl4sjpCXLBfNQSZpCf2C6BCCpq61JXzBTOWL+g== Completed in 28ms
65 timing metavuln:calculate:security-advisory:ansi-regex:1004946 Completed in 184ms
66 http fetch GET 200 https://registry.npmjs.org/shelljs 587ms (cache miss)
67 timing metavuln:packument:shelljs Completed in 588ms
68 timing metavuln:load:security-advisory:shelljs:1006882 Completed in 4ms
69 timing metavuln:cache:put:security-advisory:shelljs:UkFVdMSEBNYcY3mCyfLaJIA0ROk41dC1Tz0VbwG8yVf+xq7gDZJxCY1fqjb/QSk6U9HR1i0RMdnExXd3YU5QBQ== Completed in 8ms
70 timing metavuln:calculate:security-advisory:shelljs:1006882 Completed in 601ms
71 http fetch GET 200 https://registry.npmjs.org/node-fetch 637ms (cache miss)
72 timing metavuln:packument:node-fetch Completed in 641ms
73 timing metavuln:load:security-advisory:node-fetch:1005560 Completed in 9ms
74 timing metavuln:cache:put:security-advisory:node-fetch:ZpVfPQheAeBPVYM7Wttj7m+XbAR5XV1D3b8n2TKfZYiDIRur5q9lcy8hCQKdAdj7qYFZz79wWzYmCFfyuXx3hg== Completed in 9ms
75 timing metavuln:calculate:security-advisory:node-fetch:1005560 Completed in 659ms
76 timing metavuln:cache:get:security-advisory:strip-ansi:VNH7BZLDPXeb+XyBHjziFezTzkb3wUEeYZF30Shwpq+9ErFf3ja9WpDN5+1N0ZmzJRrF78Jsd1Rv6URhv1/2cQ== Completed in 2ms
77 http fetch GET 200 https://registry.npmjs.org/strip-ansi 110ms (cache miss)
78 timing metavuln:packument:strip-ansi Completed in 112ms
79 timing metavuln:load:security-advisory:strip-ansi:gipfqiXURkkimm8+IyoEer5YC1ntqyorXe7xXSHfbxT4Q2N0cl4sjpCXLBfNQSZpCf2C6BCCpq61JXzBTOWL+g== Completed in 10ms
80 timing metavuln:cache:put:security-advisory:strip-ansi:VNH7BZLDPXeb+XyBHjziFezTzkb3wUEeYZF30Shwpq+9ErFf3ja9WpDN5+1N0ZmzJRrF78Jsd1Rv6URhv1/2cQ== Completed in 10ms
81 timing metavuln:calculate:security-advisory:strip-ansi:gipfqiXURkkimm8+IyoEer5YC1ntqyorXe7xXSHfbxT4Q2N0cl4sjpCXLBfNQSZpCf2C6BCCpq61JXzBTOWL+g== Completed in 132ms
82 timing metavuln:cache:get:security-advisory:isomorphic-fetch:v0k3U1ZxZdqkqQ1EeEBODYMMI6BuUJRe/EWBJrHdoXn7HgOCZZFC05J0jiVnVuVH6vv85QlYSb41NycybdB6+g== Completed in 2ms
83 http fetch GET 200 https://registry.npmjs.org/isomorphic-fetch 102ms (cache miss)
84 timing metavuln:packument:isomorphic-fetch Completed in 103ms
85 timing metavuln:load:security-advisory:isomorphic-fetch:ZpVfPQheAeBPVYM7Wttj7m+XbAR5XV1D3b8n2TKfZYiDIRur5q9lcy8hCQKdAdj7qYFZz79wWzYmCFfyuXx3hg== Completed in 11ms
86 timing metavuln:cache:put:security-advisory:isomorphic-fetch:v0k3U1ZxZdqkqQ1EeEBODYMMI6BuUJRe/EWBJrHdoXn7HgOCZZFC05J0jiVnVuVH6vv85QlYSb41NycybdB6+g== Completed in 13ms
87 timing metavuln:calculate:security-advisory:isomorphic-fetch:ZpVfPQheAeBPVYM7Wttj7m+XbAR5XV1D3b8n2TKfZYiDIRur5q9lcy8hCQKdAdj7qYFZz79wWzYmCFfyuXx3hg== Completed in 128ms
88 timing metavuln:cache:get:security-advisory:react-native:QnHcXPzIv8Fg24TBjB3FPNIB611gRV6jg4dEJsLG3zRcPCMIa2QAGaXaQVlKy8FPQA+i6wvgMwRBWSMPPu454w== Completed in 2ms
89 http fetch GET 200 https://registry.npmjs.org/react-native 2701ms (cache miss)
90 timing metavuln:packument:react-native Completed in 2730ms
91 timing metavuln:load:security-advisory:react-native:UkFVdMSEBNYcY3mCyfLaJIA0ROk41dC1Tz0VbwG8yVf+xq7gDZJxCY1fqjb/QSk6U9HR1i0RMdnExXd3YU5QBQ== Completed in 76ms
92 timing metavuln:cache:put:security-advisory:react-native:QnHcXPzIv8Fg24TBjB3FPNIB611gRV6jg4dEJsLG3zRcPCMIa2QAGaXaQVlKy8FPQA+i6wvgMwRBWSMPPu454w== Completed in 14ms
93 timing metavuln:calculate:security-advisory:react-native:UkFVdMSEBNYcY3mCyfLaJIA0ROk41dC1Tz0VbwG8yVf+xq7gDZJxCY1fqjb/QSk6U9HR1i0RMdnExXd3YU5QBQ== Completed in 2821ms
94 timing metavuln:cache:get:security-advisory:@react-native-community/cli:Pvbrf0as46MVQMmD7fBAtx8trZYFDfa6HE9Gjh6CBerzyZXqq5sSfw5Uhvpj1pcyJUM6j1dwKX1/s40VXPpS1A== Completed in 5ms
95 timing metavuln:cache:get:security-advisory:ansi-fragments:CIcH3Tb9fDofHrhlhhUsYQCg/CGGJun3j1fsgDJnAuANqSLGmDxTp1X9rMHFQPE03tv7NNkaA2yjhzpBD6xwWg== Completed in 4ms
96 timing metavuln:cache:get:security-advisory:ora:w0taYQoW6mztoNdyrnYEMUxWX4J8OAKtDw2PWcSorM6O1jdiWR+b++h/QfVirLMEpc1kyDPPH4EX0adGtAzsDQ== Completed in 4ms
97 http fetch GET 200 https://registry.npmjs.org/ansi-fragments 110ms (cache miss)
98 timing metavuln:packument:ansi-fragments Completed in 112ms
99 timing metavuln:load:security-advisory:ansi-fragments:VNH7BZLDPXeb+XyBHjziFezTzkb3wUEeYZF30Shwpq+9ErFf3ja9WpDN5+1N0ZmzJRrF78Jsd1Rv6URhv1/2cQ== Completed in 2ms
100 timing metavuln:cache:put:security-advisory:ansi-fragments:CIcH3Tb9fDofHrhlhhUsYQCg/CGGJun3j1fsgDJnAuANqSLGmDxTp1X9rMHFQPE03tv7NNkaA2yjhzpBD6xwWg== Completed in 8ms
101 timing metavuln:calculate:security-advisory:ansi-fragments:VNH7BZLDPXeb+XyBHjziFezTzkb3wUEeYZF30Shwpq+9ErFf3ja9WpDN5+1N0ZmzJRrF78Jsd1Rv6URhv1/2cQ== Completed in 123ms
102 http fetch GET 200 https://registry.npmjs.org/ora 207ms (cache miss)
103 timing metavuln:packument:ora Completed in 210ms
104 timing metavuln:load:security-advisory:ora:VNH7BZLDPXeb+XyBHjziFezTzkb3wUEeYZF30Shwpq+9ErFf3ja9WpDN5+1N0ZmzJRrF78Jsd1Rv6URhv1/2cQ== Completed in 7ms
105 timing metavuln:cache:put:security-advisory:ora:w0taYQoW6mztoNdyrnYEMUxWX4J8OAKtDw2PWcSorM6O1jdiWR+b++h/QfVirLMEpc1kyDPPH4EX0adGtAzsDQ== Completed in 9ms
106 timing metavuln:calculate:security-advisory:ora:VNH7BZLDPXeb+XyBHjziFezTzkb3wUEeYZF30Shwpq+9ErFf3ja9WpDN5+1N0ZmzJRrF78Jsd1Rv6URhv1/2cQ== Completed in 226ms
107 http fetch GET 200 https://registry.npmjs.org/@react-native-community%2fcli 574ms (cache miss)
108 timing metavuln:packument:@react-native-community/cli Completed in 583ms
109 timing metavuln:load:security-advisory:@react-native-community/cli:VNH7BZLDPXeb+XyBHjziFezTzkb3wUEeYZF30Shwpq+9ErFf3ja9WpDN5+1N0ZmzJRrF78Jsd1Rv6URhv1/2cQ== Completed in 16ms
110 timing metavuln:cache:put:security-advisory:@react-native-community/cli:Pvbrf0as46MVQMmD7fBAtx8trZYFDfa6HE9Gjh6CBerzyZXqq5sSfw5Uhvpj1pcyJUM6j1dwKX1/s40VXPpS1A== Completed in 13ms
111 timing metavuln:calculate:security-advisory:@react-native-community/cli:VNH7BZLDPXeb+XyBHjziFezTzkb3wUEeYZF30Shwpq+9ErFf3ja9WpDN5+1N0ZmzJRrF78Jsd1Rv6URhv1/2cQ== Completed in 613ms
112 timing metavuln:cache:get:security-advisory:fbjs:mBtWuNP+lNH5xMnOYr79yoQs7pGrB81NpTv09ZBVUPYlsH8x+xsti9zSoTaf8Z+WFfm7IfyBwirxo6Hkmfif5w== Completed in 3ms
113 http fetch GET 200 https://registry.npmjs.org/fbjs 145ms (cache miss)
114 timing metavuln:packument:fbjs Completed in 148ms
115 timing metavuln:load:security-advisory:fbjs:v0k3U1ZxZdqkqQ1EeEBODYMMI6BuUJRe/EWBJrHdoXn7HgOCZZFC05J0jiVnVuVH6vv85QlYSb41NycybdB6+g== Completed in 7ms
116 timing metavuln:cache:put:security-advisory:fbjs:mBtWuNP+lNH5xMnOYr79yoQs7pGrB81NpTv09ZBVUPYlsH8x+xsti9zSoTaf8Z+WFfm7IfyBwirxo6Hkmfif5w== Completed in 14ms
117 timing metavuln:calculate:security-advisory:fbjs:v0k3U1ZxZdqkqQ1EeEBODYMMI6BuUJRe/EWBJrHdoXn7HgOCZZFC05J0jiVnVuVH6vv85QlYSb41NycybdB6+g== Completed in 170ms
118 timing metavuln:cache:get:security-advisory:logkitty:Wx1yg/TR0I7A3+M6yF9/cgADZrCiHywNdv34m3imMU9dRFe+KZ7VM52/hD3C2F1BCqCdiSPPt+oMCo70NjEbfw== Completed in 2ms
119 http fetch GET 200 https://registry.npmjs.org/logkitty 147ms (cache miss)
120 timing metavuln:packument:logkitty Completed in 148ms
121 timing metavuln:load:security-advisory:logkitty:CIcH3Tb9fDofHrhlhhUsYQCg/CGGJun3j1fsgDJnAuANqSLGmDxTp1X9rMHFQPE03tv7NNkaA2yjhzpBD6xwWg== Completed in 3ms
122 timing metavuln:cache:put:security-advisory:logkitty:Wx1yg/TR0I7A3+M6yF9/cgADZrCiHywNdv34m3imMU9dRFe+KZ7VM52/hD3C2F1BCqCdiSPPt+oMCo70NjEbfw== Completed in 8ms
123 timing metavuln:calculate:security-advisory:logkitty:CIcH3Tb9fDofHrhlhhUsYQCg/CGGJun3j1fsgDJnAuANqSLGmDxTp1X9rMHFQPE03tv7NNkaA2yjhzpBD6xwWg== Completed in 160ms
124 timing metavuln:cache:get:security-advisory:@react-native-community/cli:r1hQu6bSsFn/nAm5+t1GloGs4toxD+xRV6q8xJwsZw6Mkfp9gmijrttt4HUeA7mxDZMRCL0yReHuUMvfrUc4pg== Completed in 9ms
125 timing metavuln:load:security-advisory:@react-native-community/cli:w0taYQoW6mztoNdyrnYEMUxWX4J8OAKtDw2PWcSorM6O1jdiWR+b++h/QfVirLMEpc1kyDPPH4EX0adGtAzsDQ== Completed in 24ms
126 timing metavuln:cache:get:security-advisory:@react-native-community/cli-types:sA5t1eId7PVbzWOI5tE3lg74RKl+pvKhSRJblqdpZycSjGLXMgm+IWK0GhEaRhf43J9UOp2o+SeC9yrcsX00Qw== Completed in 34ms
127 timing metavuln:cache:put:security-advisory:@react-native-community/cli:r1hQu6bSsFn/nAm5+t1GloGs4toxD+xRV6q8xJwsZw6Mkfp9gmijrttt4HUeA7mxDZMRCL0yReHuUMvfrUc4pg== Completed in 11ms
128 timing metavuln:calculate:security-advisory:@react-native-community/cli:w0taYQoW6mztoNdyrnYEMUxWX4J8OAKtDw2PWcSorM6O1jdiWR+b++h/QfVirLMEpc1kyDPPH4EX0adGtAzsDQ== Completed in 44ms
129 http fetch GET 200 https://registry.npmjs.org/@react-native-community%2fcli-types 185ms (cache miss)
130 timing metavuln:packument:@react-native-community/cli-types Completed in 185ms
131 timing metavuln:load:security-advisory:@react-native-community/cli-types:w0taYQoW6mztoNdyrnYEMUxWX4J8OAKtDw2PWcSorM6O1jdiWR+b++h/QfVirLMEpc1kyDPPH4EX0adGtAzsDQ== Completed in 2ms
132 timing metavuln:cache:put:security-advisory:@react-native-community/cli-types:sA5t1eId7PVbzWOI5tE3lg74RKl+pvKhSRJblqdpZycSjGLXMgm+IWK0GhEaRhf43J9UOp2o+SeC9yrcsX00Qw== Completed in 11ms
133 timing metavuln:calculate:security-advisory:@react-native-community/cli-types:w0taYQoW6mztoNdyrnYEMUxWX4J8OAKtDw2PWcSorM6O1jdiWR+b++h/QfVirLMEpc1kyDPPH4EX0adGtAzsDQ== Completed in 200ms
134 timing metavuln:cache:get:security-advisory:react-native:1Q1kYFYFXzYMC5jltuH9Wtr2eoiYCFRav6Ds/PJbRyOJvMgftdjGv3CSGaiMR//hiCQFDxfj5NUvncen2yGyDQ== Completed in 0ms
135 timing metavuln:load:security-advisory:react-native:Pvbrf0as46MVQMmD7fBAtx8trZYFDfa6HE9Gjh6CBerzyZXqq5sSfw5Uhvpj1pcyJUM6j1dwKX1/s40VXPpS1A== Completed in 167ms
136 timing metavuln:cache:put:security-advisory:react-native:1Q1kYFYFXzYMC5jltuH9Wtr2eoiYCFRav6Ds/PJbRyOJvMgftdjGv3CSGaiMR//hiCQFDxfj5NUvncen2yGyDQ== Completed in 12ms
137 timing metavuln:calculate:security-advisory:react-native:Pvbrf0as46MVQMmD7fBAtx8trZYFDfa6HE9Gjh6CBerzyZXqq5sSfw5Uhvpj1pcyJUM6j1dwKX1/s40VXPpS1A== Completed in 181ms
138 timing metavuln:cache:get:security-advisory:fbemitter:ZFHvSJRDv95Mq72R9RPONXenLZ2hpCeeYhD/U3ZLA3OEAB2wGbNWkS+1tt0plTgAmAKjNMimxNjgvTPmwjGZWQ== Completed in 2ms
139 http fetch GET 200 https://registry.npmjs.org/fbemitter 96ms (cache miss)
140 timing metavuln:packument:fbemitter Completed in 98ms
141 timing metavuln:load:security-advisory:fbemitter:mBtWuNP+lNH5xMnOYr79yoQs7pGrB81NpTv09ZBVUPYlsH8x+xsti9zSoTaf8Z+WFfm7IfyBwirxo6Hkmfif5w== Completed in 4ms
142 timing metavuln:cache:put:security-advisory:fbemitter:ZFHvSJRDv95Mq72R9RPONXenLZ2hpCeeYhD/U3ZLA3OEAB2wGbNWkS+1tt0plTgAmAKjNMimxNjgvTPmwjGZWQ== Completed in 8ms
143 timing metavuln:calculate:security-advisory:fbemitter:mBtWuNP+lNH5xMnOYr79yoQs7pGrB81NpTv09ZBVUPYlsH8x+xsti9zSoTaf8Z+WFfm7IfyBwirxo6Hkmfif5w== Completed in 111ms
144 timing metavuln:cache:get:security-advisory:@react-native-community/cli-platform-android:svVSW/UGVajy3mupG/g86VpWECANVLzrhUj3M5wusc9mzQR/udUgkJYWHYpUPftgV0OZ7g4bY/5n8qS2JaKp2A== Completed in 1ms
145 http fetch GET 200 https://registry.npmjs.org/@react-native-community%2fcli-platform-android 291ms (cache miss)
146 timing metavuln:packument:@react-native-community/cli-platform-android Completed in 293ms
147 timing metavuln:load:security-advisory:@react-native-community/cli-platform-android:Wx1yg/TR0I7A3+M6yF9/cgADZrCiHywNdv34m3imMU9dRFe+KZ7VM52/hD3C2F1BCqCdiSPPt+oMCo70NjEbfw== Completed in 11ms
148 timing metavuln:cache:put:security-advisory:@react-native-community/cli-platform-android:svVSW/UGVajy3mupG/g86VpWECANVLzrhUj3M5wusc9mzQR/udUgkJYWHYpUPftgV0OZ7g4bY/5n8qS2JaKp2A== Completed in 8ms
149 timing metavuln:calculate:security-advisory:@react-native-community/cli-platform-android:Wx1yg/TR0I7A3+M6yF9/cgADZrCiHywNdv34m3imMU9dRFe+KZ7VM52/hD3C2F1BCqCdiSPPt+oMCo70NjEbfw== Completed in 312ms
150 timing metavuln:cache:get:security-advisory:@react-native-community/cli:8LcBudlOV0rMue0fwHVS8uAJmSY/XcvMh5Ae/ux1Iesj8nMA5XM8vO4QPHyQA5+xZq7pcp89I9M3ww3DIU/W4Q== Completed in 1ms
151 timing metavuln:load:security-advisory:@react-native-community/cli:sA5t1eId7PVbzWOI5tE3lg74RKl+pvKhSRJblqdpZycSjGLXMgm+IWK0GhEaRhf43J9UOp2o+SeC9yrcsX00Qw== Completed in 16ms
152 timing metavuln:cache:put:security-advisory:@react-native-community/cli:8LcBudlOV0rMue0fwHVS8uAJmSY/XcvMh5Ae/ux1Iesj8nMA5XM8vO4QPHyQA5+xZq7pcp89I9M3ww3DIU/W4Q== Completed in 9ms
153 timing metavuln:calculate:security-advisory:@react-native-community/cli:sA5t1eId7PVbzWOI5tE3lg74RKl+pvKhSRJblqdpZycSjGLXMgm+IWK0GhEaRhf43J9UOp2o+SeC9yrcsX00Qw== Completed in 27ms
154 timing metavuln:cache:get:security-advisory:@react-native-community/cli:d8ZnuPmaWurp4yksOLulzsI5cuWeCY7M4SH0SMJUKQY7ZLtNs9hpPo6moaPUq1/Kuzyr3/G5b2sYVku5V5SISA== Completed in 4ms
155 timing metavuln:load:security-advisory:@react-native-community/cli:1Q1kYFYFXzYMC5jltuH9Wtr2eoiYCFRav6Ds/PJbRyOJvMgftdjGv3CSGaiMR//hiCQFDxfj5NUvncen2yGyDQ== Completed in 174ms
156 timing metavuln:cache:get:security-advisory:@react-navigation/native:R1QE5tdRlq1sfTqdZtPhPYOMMnGQWCjWz/c8viX1u6CCr9IYqoJ423qlPIE1t6NkXYYS8l0rvjGZqbxt4oDSHA== Completed in 178ms
157 timing metavuln:cache:get:security-advisory:react-native-iphone-x-helper:NFRDMsDoFWcfSsuqSSpaD8aLToDqw559zY9Ps1J44PD15mjKatIhawF43GNZcFq/Zil93l+/0whIwghcUOP1vA== Completed in 178ms
158 timing metavuln:cache:get:security-advisory:react-native-paper:XgOQATGACsUTjiDe6TkmTlCX/QQ5w5D0ekdzxRpjndouO4WHw4AyypVN9WOMlqhE8z78q460BKYuVO21bP4gkA== Completed in 178ms
159 timing metavuln:cache:put:security-advisory:@react-native-community/cli:d8ZnuPmaWurp4yksOLulzsI5cuWeCY7M4SH0SMJUKQY7ZLtNs9hpPo6moaPUq1/Kuzyr3/G5b2sYVku5V5SISA== Completed in 16ms
160 timing metavuln:calculate:security-advisory:@react-native-community/cli:1Q1kYFYFXzYMC5jltuH9Wtr2eoiYCFRav6Ds/PJbRyOJvMgftdjGv3CSGaiMR//hiCQFDxfj5NUvncen2yGyDQ== Completed in 195ms
161 http fetch GET 200 https://registry.npmjs.org/react-native-iphone-x-helper 1008ms (cache miss)
162 timing metavuln:packument:react-native-iphone-x-helper Completed in 1008ms
163 timing metavuln:load:security-advisory:react-native-iphone-x-helper:1Q1kYFYFXzYMC5jltuH9Wtr2eoiYCFRav6Ds/PJbRyOJvMgftdjGv3CSGaiMR//hiCQFDxfj5NUvncen2yGyDQ== Completed in 8ms
164 timing metavuln:cache:put:security-advisory:react-native-iphone-x-helper:NFRDMsDoFWcfSsuqSSpaD8aLToDqw559zY9Ps1J44PD15mjKatIhawF43GNZcFq/Zil93l+/0whIwghcUOP1vA== Completed in 18ms
165 timing metavuln:calculate:security-advisory:react-native-iphone-x-helper:1Q1kYFYFXzYMC5jltuH9Wtr2eoiYCFRav6Ds/PJbRyOJvMgftdjGv3CSGaiMR//hiCQFDxfj5NUvncen2yGyDQ== Completed in 1035ms
166 http fetch GET 200 https://registry.npmjs.org/react-native-paper 1607ms (cache miss)
167 timing metavuln:packument:react-native-paper Completed in 1612ms
168 timing metavuln:load:security-advisory:react-native-paper:1Q1kYFYFXzYMC5jltuH9Wtr2eoiYCFRav6Ds/PJbRyOJvMgftdjGv3CSGaiMR//hiCQFDxfj5NUvncen2yGyDQ== Completed in 8ms
169 timing metavuln:cache:put:security-advisory:react-native-paper:XgOQATGACsUTjiDe6TkmTlCX/QQ5w5D0ekdzxRpjndouO4WHw4AyypVN9WOMlqhE8z78q460BKYuVO21bP4gkA== Completed in 9ms
170 timing metavuln:calculate:security-advisory:react-native-paper:1Q1kYFYFXzYMC5jltuH9Wtr2eoiYCFRav6Ds/PJbRyOJvMgftdjGv3CSGaiMR//hiCQFDxfj5NUvncen2yGyDQ== Completed in 1629ms
171 http fetch GET 200 https://registry.npmjs.org/@react-navigation%2fnative 2274ms (cache miss)
172 timing metavuln:packument:@react-navigation/native Completed in 2279ms
173 timing metavuln:load:security-advisory:@react-navigation/native:1Q1kYFYFXzYMC5jltuH9Wtr2eoiYCFRav6Ds/PJbRyOJvMgftdjGv3CSGaiMR//hiCQFDxfj5NUvncen2yGyDQ== Completed in 21ms
174 timing metavuln:cache:put:security-advisory:@react-navigation/native:R1QE5tdRlq1sfTqdZtPhPYOMMnGQWCjWz/c8viX1u6CCr9IYqoJ423qlPIE1t6NkXYYS8l0rvjGZqbxt4oDSHA== Completed in 8ms
175 timing metavuln:calculate:security-advisory:@react-navigation/native:1Q1kYFYFXzYMC5jltuH9Wtr2eoiYCFRav6Ds/PJbRyOJvMgftdjGv3CSGaiMR//hiCQFDxfj5NUvncen2yGyDQ== Completed in 2309ms
176 timing metavuln:cache:get:security-advisory:expo:IXaL2Q9+l8YSV9KH14IrF7MwRwHAwrQiKOwZ7chZQcF68CpYit0dfVqsKTLOIy3eFkga1k/2UNl9d+DQ9zt/og== Completed in 2ms
177 http fetch GET 200 https://registry.npmjs.org/expo 822ms (cache miss)
178 timing metavuln:packument:expo Completed in 836ms
179 timing metavuln:load:security-advisory:expo:ZFHvSJRDv95Mq72R9RPONXenLZ2hpCeeYhD/U3ZLA3OEAB2wGbNWkS+1tt0plTgAmAKjNMimxNjgvTPmwjGZWQ== Completed in 24ms
180 timing metavuln:cache:put:security-advisory:expo:IXaL2Q9+l8YSV9KH14IrF7MwRwHAwrQiKOwZ7chZQcF68CpYit0dfVqsKTLOIy3eFkga1k/2UNl9d+DQ9zt/og== Completed in 11ms
181 timing metavuln:calculate:security-advisory:expo:ZFHvSJRDv95Mq72R9RPONXenLZ2hpCeeYhD/U3ZLA3OEAB2wGbNWkS+1tt0plTgAmAKjNMimxNjgvTPmwjGZWQ== Completed in 871ms
182 timing metavuln:cache:get:security-advisory:@react-native-community/cli-hermes:MR6kDi+Z6zH9TJOuKENq6OHGwPfMb2B2vYoxjegFI+e5wJHGfAZuClf+vbXl4eJNn8vKldeR0ABqCEUGNDglLg== Completed in 4ms
183 timing metavuln:cache:get:security-advisory:react-native:wNFwnjVAPsxo8uEil0fjy7mhfqj2W95GoeU7HBy/2CAr8HW4t7C+5k6fRWZEBUnyewX5r0+Hd7gF5UbV5CcCrA== Completed in 2ms
184 timing metavuln:load:security-advisory:react-native:svVSW/UGVajy3mupG/g86VpWECANVLzrhUj3M5wusc9mzQR/udUgkJYWHYpUPftgV0OZ7g4bY/5n8qS2JaKp2A== Completed in 104ms
185 timing metavuln:cache:put:security-advisory:react-native:wNFwnjVAPsxo8uEil0fjy7mhfqj2W95GoeU7HBy/2CAr8HW4t7C+5k6fRWZEBUnyewX5r0+Hd7gF5UbV5CcCrA== Completed in 15ms
186 timing metavuln:calculate:security-advisory:react-native:svVSW/UGVajy3mupG/g86VpWECANVLzrhUj3M5wusc9mzQR/udUgkJYWHYpUPftgV0OZ7g4bY/5n8qS2JaKp2A== Completed in 121ms
187 http fetch GET 200 https://registry.npmjs.org/@react-native-community%2fcli-hermes 282ms (cache miss)
188 timing metavuln:packument:@react-native-community/cli-hermes Completed in 284ms
189 timing metavuln:load:security-advisory:@react-native-community/cli-hermes:svVSW/UGVajy3mupG/g86VpWECANVLzrhUj3M5wusc9mzQR/udUgkJYWHYpUPftgV0OZ7g4bY/5n8qS2JaKp2A== Completed in 7ms
190 timing metavuln:cache:put:security-advisory:@react-native-community/cli-hermes:MR6kDi+Z6zH9TJOuKENq6OHGwPfMb2B2vYoxjegFI+e5wJHGfAZuClf+vbXl4eJNn8vKldeR0ABqCEUGNDglLg== Completed in 22ms
191 timing metavuln:calculate:security-advisory:@react-native-community/cli-hermes:svVSW/UGVajy3mupG/g86VpWECANVLzrhUj3M5wusc9mzQR/udUgkJYWHYpUPftgV0OZ7g4bY/5n8qS2JaKp2A== Completed in 314ms
192 timing metavuln:cache:get:security-advisory:expo-application:xrnfyb6aY8QAhkrVOFuoXd9fzXWRDo55XQ+0Zpp94HN1nOGj/tbrcf13XtxiabvtO2FiUB7/8Q6Xxru21KRhhg== Completed in 11ms
193 timing metavuln:cache:get:security-advisory:expo-camera:UAeY36zfyED4+lrl7n3H+g/MKyYRubUfCaRzMzYV4vCO7Ffb1klk00iZ7eKDp3M+txP1Jo35wbQo96MzBkzEXA== Completed in 10ms
194 timing metavuln:cache:get:security-advisory:expo-constants:6wbQuvOUxZo5P/FUUbeforXCYc3oTxyFu53lZkTqUDwZs2w7SW5L20DYx0z+yPapCd7X3l1lXMlPiNMnrvuUaw== Completed in 9ms
195 timing metavuln:cache:get:security-advisory:expo-error-recovery:1GKTYiHIs5kQ1d6TnS6E1fNZAgteUGyUiSya4iOCvE5MipUp5cSiAgFyUs0tvKmvvSiSawxhJ1uWbprE2eddug== Completed in 9ms
196 timing metavuln:cache:get:security-advisory:expo-file-system:SYeoeQ+TY6h9BC5u3fzAkjzZo/OaZi0YxtiFj/iaJcJ8Zb/fsVfm+TUBE1jDpa1L9TtWlmN9OJAVQHHiO5BsLg== Completed in 8ms
197 timing metavuln:cache:get:security-advisory:expo-font:484457uz5YaeladfOZ2SmEw9SofLy0x5xO5CQBxDKTSG2vcjuMR70wRyAzJp8Pca5ZUkahI/o2vpP2vq4gRAqw== Completed in 7ms
198 timing metavuln:cache:get:security-advisory:expo-keep-awake:axPNlBsMtMDdlhaNSoj/sVBmOA7SCkVtCdyRHrCDnGJZ8gqs2dL2PY96wjiAcj2Vu4oyAY82beoU2s7k7hEulg== Completed in 6ms
199 timing metavuln:cache:get:security-advisory:expo-permissions:z3ptpl9FmL9R4GtoGO2NEjkCi11ik7s4lVWwyim8E9QiaoRyLNijjOwi8gx770oQVwyPuAAjeujw1eAJtoE49A== Completed in 6ms
200 http fetch GET 200 https://registry.npmjs.org/expo-error-recovery 880ms (cache miss)
201 timing metavuln:packument:expo-error-recovery Completed in 882ms
202 timing metavuln:load:security-advisory:expo-error-recovery:IXaL2Q9+l8YSV9KH14IrF7MwRwHAwrQiKOwZ7chZQcF68CpYit0dfVqsKTLOIy3eFkga1k/2UNl9d+DQ9zt/og== Completed in 3ms
203 timing metavuln:cache:put:security-advisory:expo-error-recovery:1GKTYiHIs5kQ1d6TnS6E1fNZAgteUGyUiSya4iOCvE5MipUp5cSiAgFyUs0tvKmvvSiSawxhJ1uWbprE2eddug== Completed in 16ms
204 timing metavuln:calculate:security-advisory:expo-error-recovery:IXaL2Q9+l8YSV9KH14IrF7MwRwHAwrQiKOwZ7chZQcF68CpYit0dfVqsKTLOIy3eFkga1k/2UNl9d+DQ9zt/og== Completed in 902ms
205 http fetch GET 200 https://registry.npmjs.org/expo-constants 1172ms (cache miss)
206 timing metavuln:packument:expo-constants Completed in 1174ms
207 timing metavuln:load:security-advisory:expo-constants:IXaL2Q9+l8YSV9KH14IrF7MwRwHAwrQiKOwZ7chZQcF68CpYit0dfVqsKTLOIy3eFkga1k/2UNl9d+DQ9zt/og== Completed in 15ms
208 timing metavuln:cache:put:security-advisory:expo-constants:6wbQuvOUxZo5P/FUUbeforXCYc3oTxyFu53lZkTqUDwZs2w7SW5L20DYx0z+yPapCd7X3l1lXMlPiNMnrvuUaw== Completed in 10ms
209 timing metavuln:calculate:security-advisory:expo-constants:IXaL2Q9+l8YSV9KH14IrF7MwRwHAwrQiKOwZ7chZQcF68CpYit0dfVqsKTLOIy3eFkga1k/2UNl9d+DQ9zt/og== Completed in 1201ms
210 http fetch GET 200 https://registry.npmjs.org/expo-application 1228ms (cache miss)
211 timing metavuln:packument:expo-application Completed in 1230ms
212 timing metavuln:load:security-advisory:expo-application:IXaL2Q9+l8YSV9KH14IrF7MwRwHAwrQiKOwZ7chZQcF68CpYit0dfVqsKTLOIy3eFkga1k/2UNl9d+DQ9zt/og== Completed in 2ms
213 http fetch GET 200 https://registry.npmjs.org/expo-keep-awake 1226ms (cache miss)
214 timing metavuln:packument:expo-keep-awake Completed in 1227ms
215 timing metavuln:load:security-advisory:expo-keep-awake:IXaL2Q9+l8YSV9KH14IrF7MwRwHAwrQiKOwZ7chZQcF68CpYit0dfVqsKTLOIy3eFkga1k/2UNl9d+DQ9zt/og== Completed in 1ms
216 http fetch GET 200 https://registry.npmjs.org/expo-permissions 1235ms (cache miss)
217 timing metavuln:packument:expo-permissions Completed in 1236ms
218 timing metavuln:load:security-advisory:expo-permissions:IXaL2Q9+l8YSV9KH14IrF7MwRwHAwrQiKOwZ7chZQcF68CpYit0dfVqsKTLOIy3eFkga1k/2UNl9d+DQ9zt/og== Completed in 3ms
219 http fetch GET 200 https://registry.npmjs.org/expo-camera 1249ms (cache miss)
220 timing metavuln:packument:expo-camera Completed in 1257ms
221 timing metavuln:load:security-advisory:expo-camera:IXaL2Q9+l8YSV9KH14IrF7MwRwHAwrQiKOwZ7chZQcF68CpYit0dfVqsKTLOIy3eFkga1k/2UNl9d+DQ9zt/og== Completed in 3ms
222 timing metavuln:cache:put:security-advisory:expo-keep-awake:axPNlBsMtMDdlhaNSoj/sVBmOA7SCkVtCdyRHrCDnGJZ8gqs2dL2PY96wjiAcj2Vu4oyAY82beoU2s7k7hEulg== Completed in 30ms
223 timing metavuln:calculate:security-advisory:expo-keep-awake:IXaL2Q9+l8YSV9KH14IrF7MwRwHAwrQiKOwZ7chZQcF68CpYit0dfVqsKTLOIy3eFkga1k/2UNl9d+DQ9zt/og== Completed in 1258ms
224 timing metavuln:cache:put:security-advisory:expo-permissions:z3ptpl9FmL9R4GtoGO2NEjkCi11ik7s4lVWwyim8E9QiaoRyLNijjOwi8gx770oQVwyPuAAjeujw1eAJtoE49A== Completed in 29ms
225 timing metavuln:calculate:security-advisory:expo-permissions:IXaL2Q9+l8YSV9KH14IrF7MwRwHAwrQiKOwZ7chZQcF68CpYit0dfVqsKTLOIy3eFkga1k/2UNl9d+DQ9zt/og== Completed in 1269ms
226 timing metavuln:cache:put:security-advisory:expo-application:xrnfyb6aY8QAhkrVOFuoXd9fzXWRDo55XQ+0Zpp94HN1nOGj/tbrcf13XtxiabvtO2FiUB7/8Q6Xxru21KRhhg== Completed in 44ms
227 timing metavuln:calculate:security-advisory:expo-application:IXaL2Q9+l8YSV9KH14IrF7MwRwHAwrQiKOwZ7chZQcF68CpYit0dfVqsKTLOIy3eFkga1k/2UNl9d+DQ9zt/og== Completed in 1276ms
228 timing metavuln:cache:put:security-advisory:expo-camera:UAeY36zfyED4+lrl7n3H+g/MKyYRubUfCaRzMzYV4vCO7Ffb1klk00iZ7eKDp3M+txP1Jo35wbQo96MzBkzEXA== Completed in 20ms
229 timing metavuln:calculate:security-advisory:expo-camera:IXaL2Q9+l8YSV9KH14IrF7MwRwHAwrQiKOwZ7chZQcF68CpYit0dfVqsKTLOIy3eFkga1k/2UNl9d+DQ9zt/og== Completed in 1280ms
230 http fetch GET 200 https://registry.npmjs.org/expo-file-system 1566ms (cache miss)
231 timing metavuln:packument:expo-file-system Completed in 1569ms
232 timing metavuln:load:security-advisory:expo-file-system:IXaL2Q9+l8YSV9KH14IrF7MwRwHAwrQiKOwZ7chZQcF68CpYit0dfVqsKTLOIy3eFkga1k/2UNl9d+DQ9zt/og== Completed in 3ms
233 timing metavuln:cache:put:security-advisory:expo-file-system:SYeoeQ+TY6h9BC5u3fzAkjzZo/OaZi0YxtiFj/iaJcJ8Zb/fsVfm+TUBE1jDpa1L9TtWlmN9OJAVQHHiO5BsLg== Completed in 11ms
234 timing metavuln:calculate:security-advisory:expo-file-system:IXaL2Q9+l8YSV9KH14IrF7MwRwHAwrQiKOwZ7chZQcF68CpYit0dfVqsKTLOIy3eFkga1k/2UNl9d+DQ9zt/og== Completed in 1584ms
235 http fetch GET 200 https://registry.npmjs.org/expo-font 1672ms (cache miss)
236 timing metavuln:packument:expo-font Completed in 1673ms
237 timing metavuln:load:security-advisory:expo-font:IXaL2Q9+l8YSV9KH14IrF7MwRwHAwrQiKOwZ7chZQcF68CpYit0dfVqsKTLOIy3eFkga1k/2UNl9d+DQ9zt/og== Completed in 2ms
238 timing metavuln:cache:put:security-advisory:expo-font:484457uz5YaeladfOZ2SmEw9SofLy0x5xO5CQBxDKTSG2vcjuMR70wRyAzJp8Pca5ZUkahI/o2vpP2vq4gRAqw== Completed in 7ms
239 timing metavuln:calculate:security-advisory:expo-font:IXaL2Q9+l8YSV9KH14IrF7MwRwHAwrQiKOwZ7chZQcF68CpYit0dfVqsKTLOIy3eFkga1k/2UNl9d+DQ9zt/og== Completed in 1682ms
240 timing metavuln:cache:get:security-advisory:@react-native-community/cli:1028+VpNEJbDkw8l44UQadxLhndIT4Op6O6lZ3M8cfxQ/2UU6DnfYUCQCVi8ijI1iI/HLqjSEefj3rPMUG4mhg== Completed in 0ms
241 timing metavuln:load:security-advisory:@react-native-community/cli:MR6kDi+Z6zH9TJOuKENq6OHGwPfMb2B2vYoxjegFI+e5wJHGfAZuClf+vbXl4eJNn8vKldeR0ABqCEUGNDglLg== Completed in 12ms
242 timing metavuln:cache:put:security-advisory:@react-native-community/cli:1028+VpNEJbDkw8l44UQadxLhndIT4Op6O6lZ3M8cfxQ/2UU6DnfYUCQCVi8ijI1iI/HLqjSEefj3rPMUG4mhg== Completed in 7ms
243 timing metavuln:calculate:security-advisory:@react-native-community/cli:MR6kDi+Z6zH9TJOuKENq6OHGwPfMb2B2vYoxjegFI+e5wJHGfAZuClf+vbXl4eJNn8vKldeR0ABqCEUGNDglLg== Completed in 20ms
244 timing auditReport:init Completed in 10847ms
245 timing reify:audit Completed in 13194ms
246 timing reify Completed in 14867ms
247 silly ADD
248 timing command:install Completed in 14963ms
249 notice
249 notice New [33mminor[39m version of npm available! [31m8.2.0[39m -> [32m8.3.1[39m
249 notice Changelog: [36mhttps://github.com/npm/cli/releases/tag/v8.3.1[39m
249 notice Run [32mnpm install -g npm@8.3.1[39m to update!
249 notice
250 verbose exit 0
251 timing npm Completed in 16867ms
252 info ok
